<?xml version="1.0" encoding="UTF-8"?>
<!-- Generated by org.testng.reporters.JUnitXMLReporter -->
<testsuite hostname="DESKTOP-9FJDGC5" name="TrackX.truelocate1 test" tests="9" failures="2" timestamp="22 Nov 2017 05:59:24 GMT" time="962.157" errors="0">
  <testcase name="LoginFlow" time="10.364" classname="com.trackx.truelocate.flow.LoginFLow"/>
  <testcase name="userLogin" time="30.449" classname="com.trackx.truelocate.flow.ItemTypeCreateFlow"/>
  <testcase name="itemTypeCreateFlow" time="29.835" classname="com.trackx.truelocate.flow.ItemTypeCreateFlow"/>
  <testcase name="userLogin" time="18.252" classname="com.trackx.truelocate.flow.ItemClassCreateFlow"/>
  <testcase name="itemClassCreateFlow" time="18.437" classname="com.trackx.truelocate.flow.ItemClassCreateFlow"/>
  <testcase name="userLogin" time="14.602" classname="com.trackx.truelocate.flow.IdentifierCreateFlow"/>
  <testcase name="identifierTypeCreateFlow" time="303.746" classname="com.trackx.truelocate.flow.IdentifierCreateFlow">
    <failure type="org.testng.TestNGException" message="
The data provider is trying to pass 9 parameters but the method com.trackx.truelocate.flow.IdentifierCreateFlow#identifierTypeCreateFlow takes 4">
      <![CDATA[org.testng.TestNGException: 
The data provider is trying to pass 9 parameters but the method com.trackx.truelocate.flow.IdentifierCreateFlow#identifierTypeCreateFlow takes 4
... Removed 18 stack frames]]>
    </failure>
  </testcase> <!-- identifierTypeCreateFlow -->
  <testcase name="userLogin" time="15.527" classname="com.trackx.truelocate.flow.FacilityCreateFlow"/>
  <testcase name="facilityCreateFlow" time="106.467" classname="com.trackx.truelocate.flow.FacilityCreateFlow">
    <failure type="java.lang.AssertionError" message="expected [Facility added successfully] but found []">
      <![CDATA[java.lang.AssertionError: expected [Facility added successfully] but found []
	at com.trackx.truelocate.flow.FacilityCreateFlow.facilityCreateFlow(FacilityCreateFlow.java:90)
... Removed 29 stack frames]]>
    </failure>
  </testcase> <!-- facilityCreateFlow -->
</testsuite> <!-- TrackX.truelocate1 test -->
