<?xml version="1.0" encoding="UTF-8"?>
<!-- Generated by org.testng.reporters.JUnitXMLReporter -->
<testsuite hostname="DESKTOP-9FJDGC5" name="TrackX.truelocate1 test" tests="3" failures="2" timestamp="20 Nov 2017 07:23:39 GMT" time="70.553" errors="0">
  <testcase name="userclickflow" time="26.259" classname="com.trackx.truelocate.flow.IdentifierCreateFlow"/>
  <testcase name="itemTypeCreateFlow" time="16.669" classname="com.trackx.truelocate.flow.IdentifierCreateFlow">
    <failure type="java.lang.AssertionError" message="expected [Item Type added successfully] but found []">
      <![CDATA[java.lang.AssertionError: expected [Item Type added successfully] but found []
	at com.trackx.truelocate.flow.IdentifierCreateFlow.itemTypeCreateFlow(IdentifierCreateFlow.java:75)
... Removed 29 stack frames]]>
    </failure>
  </testcase> <!-- itemTypeCreateFlow -->
  <testcase name="itemTypeCreateFlow" time="3.004" classname="com.trackx.truelocate.flow.IdentifierCreateFlow">
    <failure type="java.lang.AssertionError" message="expected [Item Type added successfully] but found [Code already in use, Please enter Unique Code]">
      <![CDATA[java.lang.AssertionError: expected [Item Type added successfully] but found [Code already in use, Please enter Unique Code]
	at com.trackx.truelocate.flow.IdentifierCreateFlow.itemTypeCreateFlow(IdentifierCreateFlow.java:75)
... Removed 29 stack frames]]>
    </failure>
  </testcase> <!-- itemTypeCreateFlow -->
</testsuite> <!-- TrackX.truelocate1 test -->
