<?xml version="1.0" encoding="UTF-8"?>
<!-- Generated by org.testng.reporters.JUnitXMLReporter -->
<testsuite hostname="hp-PC" name="Default test" tests="2" failures="0" timestamp="19 Dec 2017 08:51:38 GMT" time="63.22" errors="0">
  <testcase name="userLogin" time="18.527" classname="com.trackx.truelocate.flow.ProvisionAdvancedFilterFlow"/>
  <testcase name="facilityAdvancedFilterFlow" time="28.878" classname="com.trackx.truelocate.flow.ProvisionAdvancedFilterFlow"/>
</testsuite> <!-- Default test -->
