<?xml version="1.0" encoding="UTF-8"?>
<!-- Generated by org.testng.reporters.JUnitXMLReporter -->
<testsuite hostname="hp-PC" name="TrackX.truelocate test" tests="2" failures="0" timestamp="12 Dec 2017 11:58:20 GMT" time="168.208" errors="0">
  <testcase name="userLogin" time="20.53" classname="com.trackx.truelocate.flow.FacilityAdvancedFilterFlow"/>
  <testcase name="facilityAdvancedFilterFlow" time="130.161" classname="com.trackx.truelocate.flow.FacilityAdvancedFilterFlow"/>
</testsuite> <!-- TrackX.truelocate test -->
