<?xml version="1.0" encoding="UTF-8"?>
<!-- Generated by org.testng.reporters.JUnitXMLReporter -->
<testsuite hostname="hp-PC" name="TrackX.truelocate GlobalFilterFlow" tests="2" failures="0" timestamp="19 Dec 2017 11:24:46 GMT" time="76.352" errors="0">
  <testcase name="userLogin" time="17.576" classname="com.trackx.truelocate.flow.ProvisionAdvancedFilterFlow"/>
  <testcase name="facilityAdvancedFilterFlow" time="33.003" classname="com.trackx.truelocate.flow.ProvisionAdvancedFilterFlow"/>
</testsuite> <!-- TrackX.truelocate GlobalFilterFlow -->
