<?xml version="1.0" encoding="UTF-8"?>
<!-- Generated by org.testng.reporters.JUnitXMLReporter -->
<testsuite hostname="DESKTOP-9FJDGC5" name="TrackX.truelocate test" tests="2" failures="0" timestamp="18 Dec 2017 11:57:58 GMT" time="70.307" errors="0">
  <testcase name="userLogin" time="11.457" classname="com.trackx.truelocate.flow.IMIdentifierTypeAdvFilter"/>
  <testcase name="identifierTypeAdvFilterFlow" time="40.934" classname="com.trackx.truelocate.flow.IMIdentifierTypeAdvFilter"/>
</testsuite> <!-- TrackX.truelocate test -->
