<?xml version="1.0" encoding="UTF-8"?>
<testng-results skipped="0" failed="0" total="2" passed="2">
  <reporter-output>
  </reporter-output>
  <suite name="TrackX.truelocate1 Suite" duration-ms="18223" started-at="2017-11-21T10:56:10Z" finished-at="2017-11-21T10:56:28Z">
    <groups>
    </groups>
    <test name="TrackX.truelocate1 test" duration-ms="18223" started-at="2017-11-21T10:56:10Z" finished-at="2017-11-21T10:56:28Z">
      <class name="com.trackx.truelocate.flow.FacilityCreateFlow">
        <test-method status="PASS" signature="excelCreation()[pri:0, instance:com.trackx.truelocate.flow.FacilityCreateFlow@1613674b]" name="excelCreation" is-config="true" duration-ms="204" started-at="2017-11-21T16:26:10Z" finished-at="2017-11-21T16:26:10Z">
          <reporter-output>
          </reporter-output>
        </test-method> <!-- excelCreation -->
        <test-method status="PASS" signature="setUp()[pri:0, instance:com.trackx.truelocate.flow.FacilityCreateFlow@1613674b]" name="setUp" is-config="true" duration-ms="9213" started-at="2017-11-21T16:26:10Z" finished-at="2017-11-21T16:26:19Z">
          <reporter-output>
          </reporter-output>
        </test-method> <!-- setUp -->
        <test-method status="PASS" signature="userclickflow(java.lang.String, java.lang.String)[pri:0, instance:com.trackx.truelocate.flow.FacilityCreateFlow@1613674b]" name="userclickflow" duration-ms="1821" started-at="2017-11-21T16:26:19Z" data-provider="getData" finished-at="2017-11-21T16:26:21Z">
          <params>
            <param index="0">
              <value>
                <![CDATA[rb.admin@gmail.com]]>
              </value>
            </param>
            <param index="1">
              <value>
                <![CDATA[Test@123]]>
              </value>
            </param>
          </params>
          <reporter-output>
          </reporter-output>
        </test-method> <!-- userclickflow -->
        <test-method status="PASS" signature="facilityCreateFlow(java.lang.String, java.lang.String, java.lang.String, java.lang.String, java.lang.String, java.lang.String, java.lang.String, java.lang.String, java.lang.String, java.lang.String, java.lang.String, java.lang.String, java.lang.String, java.lang.String, java.lang.String, java.lang.String, java.lang.String, java.lang.String, java.lang.String, java.lang.String, java.lang.String, java.lang.String, java.lang.String, java.lang.String, java.lang.String, java.lang.String, java.lang.String)[pri:0, instance:com.trackx.truelocate.flow.FacilityCreateFlow@1613674b]" name="facilityCreateFlow" duration-ms="1028" started-at="2017-11-21T16:26:21Z" data-provider="createData" finished-at="2017-11-21T16:26:22Z">
          <params>
            <param index="0">
              <value>
                <![CDATA[test1]]>
              </value>
            </param>
            <param index="1">
              <value>
                <![CDATA[test1]]>
              </value>
            </param>
            <param index="2">
              <value>
                <![CDATA[test1]]>
              </value>
            </param>
            <param index="3">
              <value>
                <![CDATA[NAME1416]]>
              </value>
            </param>
            <param index="4">
              <value>
                <![CDATA[CUSTOMER]]>
              </value>
            </param>
            <param index="5">
              <value>
                <![CDATA[Depot Portal]]>
              </value>
            </param>
            <param index="6">
              <value>
                <![CDATA[TEST]]>
              </value>
            </param>
            <param index="7">
              <value>
                <![CDATA[TEST]]>
              </value>
            </param>
            <param index="8">
              <value>
                <![CDATA[New York]]>
              </value>
            </param>
            <param index="9">
              <value>
                <![CDATA[CA]]>
              </value>
            </param>
            <param index="10">
              <value>
                <![CDATA[2.3492394E7]]>
              </value>
            </param>
            <param index="11">
              <value>
                <![CDATA[USA]]>
              </value>
            </param>
            <param index="12">
              <value>
                <![CDATA[]]>
              </value>
            </param>
            <param index="13">
              <value>
                <![CDATA[]]>
              </value>
            </param>
            <param index="14">
              <value>
                <![CDATA[]]>
              </value>
            </param>
            <param index="15">
              <value>
                <![CDATA[]]>
              </value>
            </param>
            <param index="16">
              <value>
                <![CDATA[]]>
              </value>
            </param>
            <param index="17">
              <value>
                <![CDATA[]]>
              </value>
            </param>
            <param index="18">
              <value>
                <![CDATA[Yes]]>
              </value>
            </param>
            <param index="19">
              <value>
                <![CDATA[Yes]]>
              </value>
            </param>
            <param index="20">
              <value>
                <![CDATA[Yes]]>
              </value>
            </param>
            <param index="21">
              <value>
                <![CDATA[]]>
              </value>
            </param>
            <param index="22">
              <value>
                <![CDATA[Yes]]>
              </value>
            </param>
            <param index="23">
              <value>
                <![CDATA[Yes]]>
              </value>
            </param>
            <param index="24">
              <value>
                <![CDATA[Yes]]>
              </value>
            </param>
            <param index="25">
              <value>
                <![CDATA[ACT]]>
              </value>
            </param>
            <param index="26">
              <value>
                <![CDATA[US]]>
              </value>
            </param>
          </params>
          <reporter-output>
          </reporter-output>
        </test-method> <!-- facilityCreateFlow -->
        <test-method status="PASS" signature="quitDriver()[pri:0, instance:com.trackx.truelocate.flow.FacilityCreateFlow@1613674b]" name="quitDriver" is-config="true" duration-ms="6113" started-at="2017-11-21T16:26:22Z" finished-at="2017-11-21T16:26:28Z">
          <reporter-output>
          </reporter-output>
        </test-method> <!-- quitDriver -->
        <test-method status="PASS" signature="suiteTearDown()[pri:0, instance:com.trackx.truelocate.flow.FacilityCreateFlow@1613674b]" name="suiteTearDown" is-config="true" duration-ms="36" started-at="2017-11-21T16:26:28Z" finished-at="2017-11-21T16:26:28Z">
          <reporter-output>
          </reporter-output>
        </test-method> <!-- suiteTearDown -->
      </class> <!-- com.trackx.truelocate.flow.FacilityCreateFlow -->
    </test> <!-- TrackX.truelocate1 test -->
  </suite> <!-- TrackX.truelocate1 Suite -->
</testng-results>
