<?xml version="1.0" encoding="UTF-8"?>
<testng-results skipped="0" failed="0" total="2" passed="2">
  <reporter-output>
    <line>
      <![CDATA[Success : Element is  visible]]>
    </line>
    <line>
      <![CDATA[Success : Element is  visible]]>
    </line>
    <line>
      <![CDATA[Success : Element is  Clickable]]>
    </line>
    <line>
      <![CDATA[Success : Element is  visible]]>
    </line>
    <line>
      <![CDATA[Success : Element is  visible]]>
    </line>
    <line>
      <![CDATA[Success : Element is  visible]]>
    </line>
    <line>
      <![CDATA[Success : Element is  visible]]>
    </line>
    <line>
      <![CDATA[Select the respective element]]>
    </line>
    <line>
      <![CDATA[Success : Element is  Clickable]]>
    </line>
    <line>
      <![CDATA[Success : DropdownSelection]]>
    </line>
    <line>
      <![CDATA[Success : Element is  Clickable]]>
    </line>
    <line>
      <![CDATA[Success : Element is  Clickable]]>
    </line>
    <line>
      <![CDATA[Success : Element is  visible]]>
    </line>
  </reporter-output>
  <suite name="TrackX.truelocate Suite" duration-ms="70307" started-at="2017-12-18T11:56:48Z" finished-at="2017-12-18T11:57:58Z">
    <groups>
    </groups>
    <test name="TrackX.truelocate test" duration-ms="70307" started-at="2017-12-18T11:56:48Z" finished-at="2017-12-18T11:57:58Z">
      <class name="com.trackx.truelocate.flow.IMIdentifierTypeAdvFilter">
        <test-method status="PASS" signature="excelCreation()[pri:0, instance:com.trackx.truelocate.flow.IMIdentifierTypeAdvFilter@6d3a388c]" name="excelCreation" is-config="true" duration-ms="158" started-at="2017-12-18T17:26:48Z" finished-at="2017-12-18T17:26:48Z">
          <reporter-output>
          </reporter-output>
        </test-method> <!-- excelCreation -->
        <test-method status="PASS" signature="setUp()[pri:0, instance:com.trackx.truelocate.flow.IMIdentifierTypeAdvFilter@6d3a388c]" name="setUp" is-config="true" duration-ms="11705" started-at="2017-12-18T17:26:48Z" finished-at="2017-12-18T17:26:59Z">
          <reporter-output>
          </reporter-output>
        </test-method> <!-- setUp -->
        <test-method status="PASS" signature="userLogin(java.lang.String, java.lang.String)[pri:0, instance:com.trackx.truelocate.flow.IMIdentifierTypeAdvFilter@6d3a388c]" name="userLogin" duration-ms="11457" started-at="2017-12-18T17:26:59Z" data-provider="getData" finished-at="2017-12-18T17:27:11Z">
          <params>
            <param index="0">
              <value>
                <![CDATA[balasanthanam92@gmail.com]]>
              </value>
            </param>
            <param index="1">
              <value>
                <![CDATA[Test@123]]>
              </value>
            </param>
          </params>
          <reporter-output>
            <line>
              <![CDATA[Success : Element is  visible]]>
            </line>
            <line>
              <![CDATA[Success : Element is  visible]]>
            </line>
            <line>
              <![CDATA[Success : Element is  Clickable]]>
            </line>
          </reporter-output>
        </test-method> <!-- userLogin -->
        <test-method status="PASS" signature="identifierTypeAdvFilterFlow(java.lang.String, java.lang.String, java.lang.String, java.lang.String, java.lang.String, java.lang.String)[pri:0, instance:com.trackx.truelocate.flow.IMIdentifierTypeAdvFilter@6d3a388c]" name="identifierTypeAdvFilterFlow" duration-ms="40934" started-at="2017-12-18T17:27:11Z" data-provider="filterData" finished-at="2017-12-18T17:27:52Z">
          <params>
            <param index="0">
              <value>
                <![CDATA[RFID]]>
              </value>
            </param>
            <param index="1">
              <value>
                <![CDATA[RFID]]>
              </value>
            </param>
            <param index="2">
              <value>
                <![CDATA[Yes]]>
              </value>
            </param>
            <param index="3">
              <value>
                <![CDATA[RFCODE]]>
              </value>
            </param>
            <param index="4">
              <value>
                <![CDATA[12-12-2016]]>
              </value>
            </param>
            <param index="5">
              <value>
                <![CDATA[15-11-2017]]>
              </value>
            </param>
          </params>
          <reporter-output>
            <line>
              <![CDATA[Success : Element is  visible]]>
            </line>
            <line>
              <![CDATA[Success : Element is  visible]]>
            </line>
            <line>
              <![CDATA[Success : Element is  visible]]>
            </line>
            <line>
              <![CDATA[Success : Element is  visible]]>
            </line>
            <line>
              <![CDATA[Select the respective element]]>
            </line>
            <line>
              <![CDATA[Success : Element is  Clickable]]>
            </line>
            <line>
              <![CDATA[Success : DropdownSelection]]>
            </line>
            <line>
              <![CDATA[Success : Element is  Clickable]]>
            </line>
            <line>
              <![CDATA[Success : Element is  Clickable]]>
            </line>
            <line>
              <![CDATA[Success : Element is  visible]]>
            </line>
          </reporter-output>
        </test-method> <!-- identifierTypeAdvFilterFlow -->
        <test-method status="PASS" signature="quitDriver()[pri:0, instance:com.trackx.truelocate.flow.IMIdentifierTypeAdvFilter@6d3a388c]" name="quitDriver" is-config="true" duration-ms="6181" started-at="2017-12-18T17:27:52Z" finished-at="2017-12-18T17:27:58Z">
          <reporter-output>
          </reporter-output>
        </test-method> <!-- quitDriver -->
        <test-method status="PASS" signature="suiteTearDown()[pri:0, instance:com.trackx.truelocate.flow.IMIdentifierTypeAdvFilter@6d3a388c]" name="suiteTearDown" is-config="true" duration-ms="36" started-at="2017-12-18T17:27:58Z" finished-at="2017-12-18T17:27:58Z">
          <reporter-output>
          </reporter-output>
        </test-method> <!-- suiteTearDown -->
      </class> <!-- com.trackx.truelocate.flow.IMIdentifierTypeAdvFilter -->
    </test> <!-- TrackX.truelocate test -->
  </suite> <!-- TrackX.truelocate Suite -->
</testng-results>
